2022-12-20 18:25:33.679 - DBeaver 22.3.0.202212070729 is starting
2022-12-20 18:25:33.679 - OS: Windows 11 10.0 (amd64)
2022-12-20 18:25:33.680 - Java version: 11.0.15 by Oracle Corporation (64bit)
2022-12-20 18:25:33.680 - Install path: 'C:\Users\82108\AppData\Local\DBeaver'
2022-12-20 18:25:33.680 - Instance path: 'file:/C:/DBMS_1900HES/workspace/'
2022-12-20 18:25:33.680 - Memory available 64Mb/1024Mb
2022-12-20 18:25:33.690 - Create display
2022-12-20 18:25:33.766 - Initializing DBeaver 22.3.0
2022-12-20 18:25:33.767 - Host plugin: org.jkiss.dbeaver.ui.app.standalone 22.3.0.202212070729
2022-12-20 18:25:33.768 - Initialize desktop platform...
2022-12-20 18:25:33.856 - BounceCastle bundle found. Use JCE provider BC
> Start Core File Systems [org.eclipse.core.filesystem 1.9.500.v20220817-1539]
> Start Core Resource Management [org.eclipse.core.resources 3.18.0.v20220828-0546]
> Start 팀 지원 핵심 [org.eclipse.team.core 3.9.500.v20220817-1539]
> Start DBeaver UI Navigator [org.jkiss.dbeaver.ui.navigator 1.0.95.202212070729]
2022-12-20 18:25:34.043 - 
2022-12-20 18:25:34.044 - 	Refreshing workspace.
2022-12-20 18:25:34.044 - Refreshing workspace contents
2022-12-20 18:25:34.112 - Initialize base platform...
> Start Expression Language [org.eclipse.core.expressions 3.8.200.v20220613-1047]
2022-12-20 18:25:34.124 - Platform initialized (356ms)
> Start DBeaver UI Editors - Base [org.jkiss.dbeaver.ui.editors.base 1.0.95.202212070729]
2022-12-20 18:25:34.124 - Starting RMI server at 30213
2022-12-20 18:25:34.160 - Run workbench
> Start Eclipse e4 작업영역 SWT [org.eclipse.e4.ui.workbench.swt 0.16.600.v20220607-1204]
> Start Eclipse Application Services [org.eclipse.e4.core.services 2.3.300.v20220613-1047]
> Start Eclipse UI Application Services [org.eclipse.e4.ui.services 1.5.0.v20210115-1333]
> Start Eclipse e4 Progress View [org.eclipse.e4.ui.progress 0.3.500.v20220717-1456]
> Start EMF XML/XMI Persistence [org.eclipse.emf.ecore.xmi 2.17.0.v20220817-1334]
> Start Eclipse CSS SWT Theme Support [org.eclipse.e4.ui.css.swt.theme 0.13.100.v20220310-1056]
> Start Eclipse e4 작업영역 기능 추가 [org.eclipse.e4.ui.workbench.addons.swt 1.4.400.v20211102-0453]
Warning: NLS unused message: WorkbenchPreference_showMultipleEditorTabsButton in: org.eclipse.ui.internal.messages
Warning: NLS unused message: 이유 in: org.eclipse.ui.internal.messages
Warning: NLS unused message: Workbench_zoomChangedRestart in: org.eclipse.ui.internal.messages
> Start Eclipse e4 작업영역 SWT 렌더러 [org.eclipse.e4.ui.workbench.renderers.swt 0.15.600.v20220715-1400]
> Start Eclipse Bindings Support [org.eclipse.e4.ui.bindings 0.13.100.v20210722-1426]
> Start Eclipse Dependency Injection Extensions [org.eclipse.e4.core.di.extensions 0.17.200.v20220613-1008]
> Start Eclipse CSS SWT Support [org.eclipse.e4.ui.css.swt 0.14.600.v20220621-1327]
> Start DBeaver UI [org.jkiss.dbeaver.ui 5.1.110.202212070729]
> Start jna [com.sun.jna 5.8.0]
Warning: NLS unused message: BlockedJobsDialog_UserInterfaceTreeElement in: org.eclipse.ui.internal.progress.messages
2022-12-20 18:25:35.338 - Configure workbench window
> Start 도움말 시스템 코어 [org.eclipse.help 3.9.100.v20210721-0601]
2022-12-20 18:25:35.432 - Create actions
2022-12-20 18:25:35.432 - Disable Eclipse action set 'org.eclipse.ui.edit.text.actionSet.annotationNavigation'
2022-12-20 18:25:35.432 - Disable Eclipse action set 'org.eclipse.ui.WorkingSetActionSet'
2022-12-20 18:25:35.432 - Disable Eclipse action set 'org.eclipse.ui.actionSet.openFiles'
2022-12-20 18:25:35.955 - Initialize workbench window
2022-12-20 18:25:35.955 - Finish initialization
> Start DBeaver UI Editors - Data [org.jkiss.dbeaver.ui.editors.data 1.0.95.202212070729]
> Start Equinox Java Authentication and Authorization Service (JAAS) [org.eclipse.equinox.security 1.3.1000.v20220801-1135]
> Start 인터넷 연결 관리 사용자 인터페이스 [org.eclipse.ui.net 1.4.100.v20220812-1406]
> Start Internet Connection Management [org.eclipse.core.net 1.4.0.v20220813-1037]
> Start Draw2d [org.eclipse.draw2dl 3.12.100.20221014131737]
> Start GEF3 GEF (MVC) [org.eclipse.gef3 3.12.100.20221014131737]
> Start DBeaver ERD UI [org.jkiss.dbeaver.erd.ui 3.0.55.202212070729]
> Start DBeaver ERD Model [org.jkiss.dbeaver.erd.model 1.0.55.202212070729]
> Start DBeaver SQL Model [org.jkiss.dbeaver.model.sql 1.0.85.202212070729]
Warning: NLS unused message: actions_navigator__objects in: org.jkiss.dbeaver.ui.editors.sql.internal.SQLEditorMessages
> Start DBeaver UI Editors - SQL [org.jkiss.dbeaver.ui.editors.sql 1.0.95.202212070729]
2022-12-20 18:25:36.334 - Total database drivers: 101 (101)
> Start 기본 문서 편집기 [org.eclipse.ui.editors 3.14.400.v20220730-1844]
> Start 텍스트 편집기 프레임워크 [org.eclipse.ui.workbench.texteditor 3.16.600.v20220809-1658]
> Start DBeaver Sample Database [org.jkiss.dbeaver.ext.sample.database 1.0.132.202212070729]
> Start DBeaver Tip of the day [org.jkiss.dbeaver.ext.ui.tipoftheday 1.0.101.202212070729]
2022-12-20 18:25:39.099 - Open [https://dbeaver.io/product/version.xml]
> Start DBeaver UI Editors - Connections [org.jkiss.dbeaver.ui.editors.connection 1.0.86.202212070729]
> Start DBeaver Oracle UI [org.jkiss.dbeaver.ext.oracle.ui 1.0.82.202212070729]
> Start DBeaver Oracle Support [org.jkiss.dbeaver.ext.oracle 2.1.180.202212070729]
2022-12-20 18:25:48.888 - Auth model 'native' was replaced by 'oracle_native'
2022-12-20 18:25:48.888 - Service 'org.jkiss.dbeaver.runtime.ui.UIServiceSecurity' not found
2022-12-20 18:25:59.005 - Connect with 'jdbc:oracle:thin:@//localhost:1521/ORCL' (oracle_thin-1852edaa43d-359dd23337c98c1a)
2022-12-20 18:25:59.019 - Execution context opened (jdbc:oracle:thin:@//localhost:1521/ORCL; Main; 0)
2022-12-20 18:26:06.262 - Connection failed (oracle_thin-1852edaa43d-359dd23337c98c1a)
org.jkiss.dbeaver.model.exec.DBCConnectException: Can't create driver instance
	at org.jkiss.dbeaver.model.impl.jdbc.JDBCDataSource.openConnection(JDBCDataSource.java:176)
	at org.jkiss.dbeaver.ext.oracle.model.OracleDataSource.openConnection(OracleDataSource.java:172)
	at org.jkiss.dbeaver.model.impl.jdbc.JDBCExecutionContext.connect(JDBCExecutionContext.java:103)
	at org.jkiss.dbeaver.model.impl.jdbc.JDBCRemoteInstance.initializeMainContext(JDBCRemoteInstance.java:102)
	at org.jkiss.dbeaver.model.impl.jdbc.JDBCRemoteInstance.<init>(JDBCRemoteInstance.java:61)
	at org.jkiss.dbeaver.model.impl.jdbc.JDBCDataSource.initializeRemoteInstance(JDBCDataSource.java:128)
	at org.jkiss.dbeaver.model.impl.jdbc.JDBCDataSource.<init>(JDBCDataSource.java:106)
	at org.jkiss.dbeaver.model.impl.jdbc.JDBCDataSource.<init>(JDBCDataSource.java:97)
	at org.jkiss.dbeaver.ext.oracle.model.OracleDataSource.<init>(OracleDataSource.java:90)
	at org.jkiss.dbeaver.ext.oracle.OracleDataSourceProvider.openDataSource(OracleDataSourceProvider.java:147)
	at org.jkiss.dbeaver.registry.DataSourceDescriptor.openDataSource(DataSourceDescriptor.java:1154)
	at org.jkiss.dbeaver.registry.DataSourceDescriptor.connect(DataSourceDescriptor.java:1025)
	at org.jkiss.dbeaver.runtime.jobs.ConnectJob.run(ConnectJob.java:70)
	at org.jkiss.dbeaver.runtime.jobs.ConnectionTestJob.run(ConnectionTestJob.java:103)
	at org.jkiss.dbeaver.model.runtime.AbstractJob.run(AbstractJob.java:105)
	at org.eclipse.core.internal.jobs.Worker.run(Worker.java:63)
Caused by: org.jkiss.dbeaver.DBException: Error creating driver 'Oracle' instance.
Most likely required jar files are missing.
You should configure jars in driver settings.

Reason: can't load driver class 'oracle.jdbc.OracleDriver'
	at org.jkiss.dbeaver.registry.driver.DriverDescriptor.loadDriver(DriverDescriptor.java:1188)
	at org.jkiss.dbeaver.registry.driver.DriverDescriptor.loadDriver(DriverDescriptor.java:1122)
	at org.jkiss.dbeaver.registry.driver.DriverDescriptor.getDriverInstance(DriverDescriptor.java:675)
	at org.jkiss.dbeaver.model.impl.jdbc.JDBCDataSource.getDriverInstance(JDBCDataSource.java:682)
	at org.jkiss.dbeaver.model.impl.jdbc.JDBCDataSource.openConnection(JDBCDataSource.java:174)
	... 15 more
Caused by: java.lang.ClassNotFoundException: oracle.jdbc.OracleDriver
	at java.base/java.net.URLClassLoader.findClass(URLClassLoader.java:476)
	at java.base/java.lang.ClassLoader.loadClass(ClassLoader.java:588)
	at java.base/java.lang.ClassLoader.loadClass(ClassLoader.java:521)
	at java.base/java.lang.Class.forName0(Native Method)
	at java.base/java.lang.Class.forName(Class.java:398)
	at org.jkiss.dbeaver.registry.driver.DriverDescriptor.loadDriver(DriverDescriptor.java:1186)
	... 19 more
2022-12-20 18:26:06.267 - org.jkiss.dbeaver.model.exec.DBCConnectException: Can't create driver instance
org.jkiss.dbeaver.model.exec.DBCConnectException: Can't create driver instance
	at org.jkiss.dbeaver.model.impl.jdbc.JDBCDataSource.openConnection(JDBCDataSource.java:176)
	at org.jkiss.dbeaver.ext.oracle.model.OracleDataSource.openConnection(OracleDataSource.java:172)
	at org.jkiss.dbeaver.model.impl.jdbc.JDBCExecutionContext.connect(JDBCExecutionContext.java:103)
	at org.jkiss.dbeaver.model.impl.jdbc.JDBCRemoteInstance.initializeMainContext(JDBCRemoteInstance.java:102)
	at org.jkiss.dbeaver.model.impl.jdbc.JDBCRemoteInstance.<init>(JDBCRemoteInstance.java:61)
	at org.jkiss.dbeaver.model.impl.jdbc.JDBCDataSource.initializeRemoteInstance(JDBCDataSource.java:128)
	at org.jkiss.dbeaver.model.impl.jdbc.JDBCDataSource.<init>(JDBCDataSource.java:106)
	at org.jkiss.dbeaver.model.impl.jdbc.JDBCDataSource.<init>(JDBCDataSource.java:97)
	at org.jkiss.dbeaver.ext.oracle.model.OracleDataSource.<init>(OracleDataSource.java:90)
	at org.jkiss.dbeaver.ext.oracle.OracleDataSourceProvider.openDataSource(OracleDataSourceProvider.java:147)
	at org.jkiss.dbeaver.registry.DataSourceDescriptor.openDataSource(DataSourceDescriptor.java:1154)
	at org.jkiss.dbeaver.registry.DataSourceDescriptor.connect(DataSourceDescriptor.java:1025)
	at org.jkiss.dbeaver.runtime.jobs.ConnectJob.run(ConnectJob.java:70)
	at org.jkiss.dbeaver.runtime.jobs.ConnectionTestJob.run(ConnectionTestJob.java:103)
	at org.jkiss.dbeaver.model.runtime.AbstractJob.run(AbstractJob.java:105)
	at org.eclipse.core.internal.jobs.Worker.run(Worker.java:63)
Caused by: org.jkiss.dbeaver.DBException: Error creating driver 'Oracle' instance.
Most likely required jar files are missing.
You should configure jars in driver settings.

Reason: can't load driver class 'oracle.jdbc.OracleDriver'
	at org.jkiss.dbeaver.registry.driver.DriverDescriptor.loadDriver(DriverDescriptor.java:1188)
	at org.jkiss.dbeaver.registry.driver.DriverDescriptor.loadDriver(DriverDescriptor.java:1122)
	at org.jkiss.dbeaver.registry.driver.DriverDescriptor.getDriverInstance(DriverDescriptor.java:675)
	at org.jkiss.dbeaver.model.impl.jdbc.JDBCDataSource.getDriverInstance(JDBCDataSource.java:682)
	at org.jkiss.dbeaver.model.impl.jdbc.JDBCDataSource.openConnection(JDBCDataSource.java:174)
	... 15 more
Caused by: java.lang.ClassNotFoundException: oracle.jdbc.OracleDriver
	at java.base/java.net.URLClassLoader.findClass(URLClassLoader.java:476)
	at java.base/java.lang.ClassLoader.loadClass(ClassLoader.java:588)
	at java.base/java.lang.ClassLoader.loadClass(ClassLoader.java:521)
	at java.base/java.lang.Class.forName0(Native Method)
	at java.base/java.lang.Class.forName(Class.java:398)
	at org.jkiss.dbeaver.registry.driver.DriverDescriptor.loadDriver(DriverDescriptor.java:1186)
	... 19 more
2022-12-20 18:26:06.321 - Error creating driver 'Oracle' instance.
Most likely required jar files are missing.
You should configure jars in driver settings.

Reason: can't load driver class 'oracle.jdbc.OracleDriver'
org.jkiss.dbeaver.DBException: Error creating driver 'Oracle' instance.
Most likely required jar files are missing.
You should configure jars in driver settings.

Reason: can't load driver class 'oracle.jdbc.OracleDriver'
	at org.jkiss.dbeaver.registry.driver.DriverDescriptor.loadDriver(DriverDescriptor.java:1188)
	at org.jkiss.dbeaver.registry.driver.DriverDescriptor.loadDriver(DriverDescriptor.java:1122)
	at org.jkiss.dbeaver.registry.driver.DriverDescriptor.getDriverInstance(DriverDescriptor.java:675)
	at org.jkiss.dbeaver.model.impl.jdbc.JDBCDataSource.getDriverInstance(JDBCDataSource.java:682)
	at org.jkiss.dbeaver.model.impl.jdbc.JDBCDataSource.openConnection(JDBCDataSource.java:174)
	at org.jkiss.dbeaver.ext.oracle.model.OracleDataSource.openConnection(OracleDataSource.java:172)
	at org.jkiss.dbeaver.model.impl.jdbc.JDBCExecutionContext.connect(JDBCExecutionContext.java:103)
	at org.jkiss.dbeaver.model.impl.jdbc.JDBCRemoteInstance.initializeMainContext(JDBCRemoteInstance.java:102)
	at org.jkiss.dbeaver.model.impl.jdbc.JDBCRemoteInstance.<init>(JDBCRemoteInstance.java:61)
	at org.jkiss.dbeaver.model.impl.jdbc.JDBCDataSource.initializeRemoteInstance(JDBCDataSource.java:128)
	at org.jkiss.dbeaver.model.impl.jdbc.JDBCDataSource.<init>(JDBCDataSource.java:106)
	at org.jkiss.dbeaver.model.impl.jdbc.JDBCDataSource.<init>(JDBCDataSource.java:97)
	at org.jkiss.dbeaver.ext.oracle.model.OracleDataSource.<init>(OracleDataSource.java:90)
	at org.jkiss.dbeaver.ext.oracle.OracleDataSourceProvider.openDataSource(OracleDataSourceProvider.java:147)
	at org.jkiss.dbeaver.registry.DataSourceDescriptor.openDataSource(DataSourceDescriptor.java:1154)
	at org.jkiss.dbeaver.registry.DataSourceDescriptor.connect(DataSourceDescriptor.java:1025)
	at org.jkiss.dbeaver.runtime.jobs.ConnectJob.run(ConnectJob.java:70)
	at org.jkiss.dbeaver.runtime.jobs.ConnectionTestJob.run(ConnectionTestJob.java:103)
	at org.jkiss.dbeaver.model.runtime.AbstractJob.run(AbstractJob.java:105)
	at org.eclipse.core.internal.jobs.Worker.run(Worker.java:63)
Caused by: java.lang.ClassNotFoundException: oracle.jdbc.OracleDriver
	at java.base/java.net.URLClassLoader.findClass(URLClassLoader.java:476)
	at java.base/java.lang.ClassLoader.loadClass(ClassLoader.java:588)
	at java.base/java.lang.ClassLoader.loadClass(ClassLoader.java:521)
	at java.base/java.lang.Class.forName0(Native Method)
	at java.base/java.lang.Class.forName(Class.java:398)
	at org.jkiss.dbeaver.registry.driver.DriverDescriptor.loadDriver(DriverDescriptor.java:1186)
	... 19 more
2022-12-20 18:26:09.168 - Connect with 'jdbc:oracle:thin:@//localhost:1521/ORCL' (oracle_thin-1852edacc00-6ab89b68038c5670)
2022-12-20 18:26:09.168 - Execution context opened (jdbc:oracle:thin:@//localhost:1521/ORCL; Main; 1)
2022-12-20 18:26:10.279 - Connection failed (oracle_thin-1852edacc00-6ab89b68038c5670)
org.jkiss.dbeaver.model.exec.DBCConnectException: Listener refused the connection with the following error:
ORA-12514, TNS:listener does not currently know of service requested in connect descriptor
 
	at org.jkiss.dbeaver.model.impl.jdbc.JDBCDataSource.openConnection(JDBCDataSource.java:257)
	at org.jkiss.dbeaver.ext.oracle.model.OracleDataSource.openConnection(OracleDataSource.java:172)
	at org.jkiss.dbeaver.model.impl.jdbc.JDBCExecutionContext.connect(JDBCExecutionContext.java:103)
	at org.jkiss.dbeaver.model.impl.jdbc.JDBCRemoteInstance.initializeMainContext(JDBCRemoteInstance.java:102)
	at org.jkiss.dbeaver.model.impl.jdbc.JDBCRemoteInstance.<init>(JDBCRemoteInstance.java:61)
	at org.jkiss.dbeaver.model.impl.jdbc.JDBCDataSource.initializeRemoteInstance(JDBCDataSource.java:128)
	at org.jkiss.dbeaver.model.impl.jdbc.JDBCDataSource.<init>(JDBCDataSource.java:106)
	at org.jkiss.dbeaver.model.impl.jdbc.JDBCDataSource.<init>(JDBCDataSource.java:97)
	at org.jkiss.dbeaver.ext.oracle.model.OracleDataSource.<init>(OracleDataSource.java:90)
	at org.jkiss.dbeaver.ext.oracle.OracleDataSourceProvider.openDataSource(OracleDataSourceProvider.java:147)
	at org.jkiss.dbeaver.registry.DataSourceDescriptor.openDataSource(DataSourceDescriptor.java:1154)
	at org.jkiss.dbeaver.registry.DataSourceDescriptor.connect(DataSourceDescriptor.java:1025)
	at org.jkiss.dbeaver.runtime.jobs.ConnectJob.run(ConnectJob.java:70)
	at org.jkiss.dbeaver.runtime.jobs.ConnectionTestJob.run(ConnectionTestJob.java:103)
	at org.jkiss.dbeaver.model.runtime.AbstractJob.run(AbstractJob.java:105)
	at org.eclipse.core.internal.jobs.Worker.run(Worker.java:63)
Caused by: java.sql.SQLRecoverableException: Listener refused the connection with the following error:
ORA-12514, TNS:listener does not currently know of service requested in connect descriptor
 
	at oracle.jdbc.driver.T4CConnection.logon(T4CConnection.java:774)
	at oracle.jdbc.driver.PhysicalConnection.connect(PhysicalConnection.java:688)
	at oracle.jdbc.driver.T4CDriverExtension.getConnection(T4CDriverExtension.java:39)
	at oracle.jdbc.driver.OracleDriver.connect(OracleDriver.java:691)
	at org.jkiss.dbeaver.model.impl.jdbc.JDBCDataSource.lambda$0(JDBCDataSource.java:206)
	at org.jkiss.dbeaver.model.impl.jdbc.JDBCDataSource.lambda$1(JDBCDataSource.java:225)
	at org.jkiss.dbeaver.utils.SecurityManagerUtils.wrapDriverActions(SecurityManagerUtils.java:96)
	at org.jkiss.dbeaver.model.impl.jdbc.JDBCDataSource.openConnection(JDBCDataSource.java:223)
	... 15 more
Caused by: oracle.net.ns.NetException: Listener refused the connection with the following error:
ORA-12514, TNS:listener does not currently know of service requested in connect descriptor
 
	at oracle.net.ns.NSProtocolNIO.negotiateConnection(NSProtocolNIO.java:271)
	at oracle.net.ns.NSProtocol.connect(NSProtocol.java:317)
	at oracle.jdbc.driver.T4CConnection.connect(T4CConnection.java:1438)
	at oracle.jdbc.driver.T4CConnection.logon(T4CConnection.java:518)
	... 22 more
2022-12-20 18:26:10.279 - org.jkiss.dbeaver.model.exec.DBCConnectException: Listener refused the connection with the following error:
ORA-12514, TNS:listener does not currently know of service requested in connect descriptor
 
org.jkiss.dbeaver.model.exec.DBCConnectException: Listener refused the connection with the following error:
ORA-12514, TNS:listener does not currently know of service requested in connect descriptor
 
	at org.jkiss.dbeaver.model.impl.jdbc.JDBCDataSource.openConnection(JDBCDataSource.java:257)
	at org.jkiss.dbeaver.ext.oracle.model.OracleDataSource.openConnection(OracleDataSource.java:172)
	at org.jkiss.dbeaver.model.impl.jdbc.JDBCExecutionContext.connect(JDBCExecutionContext.java:103)
	at org.jkiss.dbeaver.model.impl.jdbc.JDBCRemoteInstance.initializeMainContext(JDBCRemoteInstance.java:102)
	at org.jkiss.dbeaver.model.impl.jdbc.JDBCRemoteInstance.<init>(JDBCRemoteInstance.java:61)
	at org.jkiss.dbeaver.model.impl.jdbc.JDBCDataSource.initializeRemoteInstance(JDBCDataSource.java:128)
	at org.jkiss.dbeaver.model.impl.jdbc.JDBCDataSource.<init>(JDBCDataSource.java:106)
	at org.jkiss.dbeaver.model.impl.jdbc.JDBCDataSource.<init>(JDBCDataSource.java:97)
	at org.jkiss.dbeaver.ext.oracle.model.OracleDataSource.<init>(OracleDataSource.java:90)
	at org.jkiss.dbeaver.ext.oracle.OracleDataSourceProvider.openDataSource(OracleDataSourceProvider.java:147)
	at org.jkiss.dbeaver.registry.DataSourceDescriptor.openDataSource(DataSourceDescriptor.java:1154)
	at org.jkiss.dbeaver.registry.DataSourceDescriptor.connect(DataSourceDescriptor.java:1025)
	at org.jkiss.dbeaver.runtime.jobs.ConnectJob.run(ConnectJob.java:70)
	at org.jkiss.dbeaver.runtime.jobs.ConnectionTestJob.run(ConnectionTestJob.java:103)
	at org.jkiss.dbeaver.model.runtime.AbstractJob.run(AbstractJob.java:105)
	at org.eclipse.core.internal.jobs.Worker.run(Worker.java:63)
Caused by: java.sql.SQLRecoverableException: Listener refused the connection with the following error:
ORA-12514, TNS:listener does not currently know of service requested in connect descriptor
 
	at oracle.jdbc.driver.T4CConnection.logon(T4CConnection.java:774)
	at oracle.jdbc.driver.PhysicalConnection.connect(PhysicalConnection.java:688)
	at oracle.jdbc.driver.T4CDriverExtension.getConnection(T4CDriverExtension.java:39)
	at oracle.jdbc.driver.OracleDriver.connect(OracleDriver.java:691)
	at org.jkiss.dbeaver.model.impl.jdbc.JDBCDataSource.lambda$0(JDBCDataSource.java:206)
	at org.jkiss.dbeaver.model.impl.jdbc.JDBCDataSource.lambda$1(JDBCDataSource.java:225)
	at org.jkiss.dbeaver.utils.SecurityManagerUtils.wrapDriverActions(SecurityManagerUtils.java:96)
	at org.jkiss.dbeaver.model.impl.jdbc.JDBCDataSource.openConnection(JDBCDataSource.java:223)
	... 15 more
Caused by: oracle.net.ns.NetException: Listener refused the connection with the following error:
ORA-12514, TNS:listener does not currently know of service requested in connect descriptor
 
	at oracle.net.ns.NSProtocolNIO.negotiateConnection(NSProtocolNIO.java:271)
	at oracle.net.ns.NSProtocol.connect(NSProtocol.java:317)
	at oracle.jdbc.driver.T4CConnection.connect(T4CConnection.java:1438)
	at oracle.jdbc.driver.T4CConnection.logon(T4CConnection.java:518)
	... 22 more
2022-12-20 18:26:10.303 - Listener refused the connection with the following error:
ORA-12514, TNS:listener does not currently know of service requested in connect descriptor
 
oracle.net.ns.NetException: Listener refused the connection with the following error:
ORA-12514, TNS:listener does not currently know of service requested in connect descriptor
 
	at oracle.net.ns.NSProtocolNIO.negotiateConnection(NSProtocolNIO.java:271)
	at oracle.net.ns.NSProtocol.connect(NSProtocol.java:317)
	at oracle.jdbc.driver.T4CConnection.connect(T4CConnection.java:1438)
	at oracle.jdbc.driver.T4CConnection.logon(T4CConnection.java:518)
	at oracle.jdbc.driver.PhysicalConnection.connect(PhysicalConnection.java:688)
	at oracle.jdbc.driver.T4CDriverExtension.getConnection(T4CDriverExtension.java:39)
	at oracle.jdbc.driver.OracleDriver.connect(OracleDriver.java:691)
	at org.jkiss.dbeaver.model.impl.jdbc.JDBCDataSource.lambda$0(JDBCDataSource.java:206)
	at org.jkiss.dbeaver.model.impl.jdbc.JDBCDataSource.lambda$1(JDBCDataSource.java:225)
	at org.jkiss.dbeaver.utils.SecurityManagerUtils.wrapDriverActions(SecurityManagerUtils.java:96)
	at org.jkiss.dbeaver.model.impl.jdbc.JDBCDataSource.openConnection(JDBCDataSource.java:223)
	at org.jkiss.dbeaver.ext.oracle.model.OracleDataSource.openConnection(OracleDataSource.java:172)
	at org.jkiss.dbeaver.model.impl.jdbc.JDBCExecutionContext.connect(JDBCExecutionContext.java:103)
	at org.jkiss.dbeaver.model.impl.jdbc.JDBCRemoteInstance.initializeMainContext(JDBCRemoteInstance.java:102)
	at org.jkiss.dbeaver.model.impl.jdbc.JDBCRemoteInstance.<init>(JDBCRemoteInstance.java:61)
	at org.jkiss.dbeaver.model.impl.jdbc.JDBCDataSource.initializeRemoteInstance(JDBCDataSource.java:128)
	at org.jkiss.dbeaver.model.impl.jdbc.JDBCDataSource.<init>(JDBCDataSource.java:106)
	at org.jkiss.dbeaver.model.impl.jdbc.JDBCDataSource.<init>(JDBCDataSource.java:97)
	at org.jkiss.dbeaver.ext.oracle.model.OracleDataSource.<init>(OracleDataSource.java:90)
	at org.jkiss.dbeaver.ext.oracle.OracleDataSourceProvider.openDataSource(OracleDataSourceProvider.java:147)
	at org.jkiss.dbeaver.registry.DataSourceDescriptor.openDataSource(DataSourceDescriptor.java:1154)
	at org.jkiss.dbeaver.registry.DataSourceDescriptor.connect(DataSourceDescriptor.java:1025)
	at org.jkiss.dbeaver.runtime.jobs.ConnectJob.run(ConnectJob.java:70)
	at org.jkiss.dbeaver.runtime.jobs.ConnectionTestJob.run(ConnectionTestJob.java:103)
	at org.jkiss.dbeaver.model.runtime.AbstractJob.run(AbstractJob.java:105)
	at org.eclipse.core.internal.jobs.Worker.run(Worker.java:63)
2022-12-20 18:26:22.298 - Connect with 'ORCL' (oracle_thin-1852eda7ca9-33d215b760b45018)
2022-12-20 18:26:22.298 - Execution context opened (ORCL; Main; 2)
2022-12-20 18:26:22.315 - Connection failed (oracle_thin-1852eda7ca9-33d215b760b45018)
org.jkiss.dbeaver.model.exec.DBCConnectException: Listener refused the connection with the following error:
ORA-12514, TNS:listener does not currently know of service requested in connect descriptor
 
	at org.jkiss.dbeaver.model.impl.jdbc.JDBCDataSource.openConnection(JDBCDataSource.java:257)
	at org.jkiss.dbeaver.ext.oracle.model.OracleDataSource.openConnection(OracleDataSource.java:172)
	at org.jkiss.dbeaver.model.impl.jdbc.JDBCExecutionContext.connect(JDBCExecutionContext.java:103)
	at org.jkiss.dbeaver.model.impl.jdbc.JDBCRemoteInstance.initializeMainContext(JDBCRemoteInstance.java:102)
	at org.jkiss.dbeaver.model.impl.jdbc.JDBCRemoteInstance.<init>(JDBCRemoteInstance.java:61)
	at org.jkiss.dbeaver.model.impl.jdbc.JDBCDataSource.initializeRemoteInstance(JDBCDataSource.java:128)
	at org.jkiss.dbeaver.model.impl.jdbc.JDBCDataSource.<init>(JDBCDataSource.java:106)
	at org.jkiss.dbeaver.model.impl.jdbc.JDBCDataSource.<init>(JDBCDataSource.java:97)
	at org.jkiss.dbeaver.ext.oracle.model.OracleDataSource.<init>(OracleDataSource.java:90)
	at org.jkiss.dbeaver.ext.oracle.OracleDataSourceProvider.openDataSource(OracleDataSourceProvider.java:147)
	at org.jkiss.dbeaver.registry.DataSourceDescriptor.openDataSource(DataSourceDescriptor.java:1154)
	at org.jkiss.dbeaver.registry.DataSourceDescriptor.connect(DataSourceDescriptor.java:1025)
	at org.jkiss.dbeaver.runtime.jobs.ConnectJob.run(ConnectJob.java:70)
	at org.jkiss.dbeaver.runtime.jobs.ConnectJob.runSync(ConnectJob.java:98)
	at org.jkiss.dbeaver.ui.actions.datasource.DataSourceHandler.connectToDataSource(DataSourceHandler.java:110)
	at org.jkiss.dbeaver.ui.actions.datasource.UIServiceConnectionsImpl.initConnection(UIServiceConnectionsImpl.java:87)
	at org.jkiss.dbeaver.model.navigator.DBNDataSource.initializeNode(DBNDataSource.java:158)
	at org.jkiss.dbeaver.model.navigator.DBNDatabaseNode.getChildren(DBNDatabaseNode.java:225)
	at org.jkiss.dbeaver.model.navigator.DBNDatabaseNode.getChildren(DBNDatabaseNode.java:1)
	at org.jkiss.dbeaver.model.navigator.DBNUtils.getNodeChildrenFiltered(DBNUtils.java:77)
	at org.jkiss.dbeaver.ui.navigator.database.load.TreeLoadService.evaluate(TreeLoadService.java:49)
	at org.jkiss.dbeaver.ui.navigator.database.load.TreeLoadService.evaluate(TreeLoadService.java:1)
	at org.jkiss.dbeaver.ui.LoadingJob.run(LoadingJob.java:88)
	at org.jkiss.dbeaver.ui.LoadingJob.run(LoadingJob.java:72)
	at org.jkiss.dbeaver.model.runtime.AbstractJob.run(AbstractJob.java:105)
	at org.eclipse.core.internal.jobs.Worker.run(Worker.java:63)
Caused by: java.sql.SQLRecoverableException: Listener refused the connection with the following error:
ORA-12514, TNS:listener does not currently know of service requested in connect descriptor
 
	at oracle.jdbc.driver.T4CConnection.logon(T4CConnection.java:774)
	at oracle.jdbc.driver.PhysicalConnection.connect(PhysicalConnection.java:688)
	at oracle.jdbc.driver.T4CDriverExtension.getConnection(T4CDriverExtension.java:39)
	at oracle.jdbc.driver.OracleDriver.connect(OracleDriver.java:691)
	at org.jkiss.dbeaver.model.impl.jdbc.JDBCDataSource.lambda$0(JDBCDataSource.java:206)
	at org.jkiss.dbeaver.model.impl.jdbc.JDBCDataSource.lambda$1(JDBCDataSource.java:225)
	at org.jkiss.dbeaver.utils.SecurityManagerUtils.wrapDriverActions(SecurityManagerUtils.java:96)
	at org.jkiss.dbeaver.model.impl.jdbc.JDBCDataSource.openConnection(JDBCDataSource.java:223)
	... 25 more
Caused by: oracle.net.ns.NetException: Listener refused the connection with the following error:
ORA-12514, TNS:listener does not currently know of service requested in connect descriptor
 
	at oracle.net.ns.NSProtocolNIO.negotiateConnection(NSProtocolNIO.java:271)
	at oracle.net.ns.NSProtocol.connect(NSProtocol.java:317)
	at oracle.jdbc.driver.T4CConnection.connect(T4CConnection.java:1438)
	at oracle.jdbc.driver.T4CConnection.logon(T4CConnection.java:518)
	... 32 more
2022-12-20 18:26:22.316 - org.jkiss.dbeaver.model.exec.DBCConnectException: Listener refused the connection with the following error:
ORA-12514, TNS:listener does not currently know of service requested in connect descriptor
 
org.jkiss.dbeaver.model.exec.DBCConnectException: Listener refused the connection with the following error:
ORA-12514, TNS:listener does not currently know of service requested in connect descriptor
 
	at org.jkiss.dbeaver.model.impl.jdbc.JDBCDataSource.openConnection(JDBCDataSource.java:257)
	at org.jkiss.dbeaver.ext.oracle.model.OracleDataSource.openConnection(OracleDataSource.java:172)
	at org.jkiss.dbeaver.model.impl.jdbc.JDBCExecutionContext.connect(JDBCExecutionContext.java:103)
	at org.jkiss.dbeaver.model.impl.jdbc.JDBCRemoteInstance.initializeMainContext(JDBCRemoteInstance.java:102)
	at org.jkiss.dbeaver.model.impl.jdbc.JDBCRemoteInstance.<init>(JDBCRemoteInstance.java:61)
	at org.jkiss.dbeaver.model.impl.jdbc.JDBCDataSource.initializeRemoteInstance(JDBCDataSource.java:128)
	at org.jkiss.dbeaver.model.impl.jdbc.JDBCDataSource.<init>(JDBCDataSource.java:106)
	at org.jkiss.dbeaver.model.impl.jdbc.JDBCDataSource.<init>(JDBCDataSource.java:97)
	at org.jkiss.dbeaver.ext.oracle.model.OracleDataSource.<init>(OracleDataSource.java:90)
	at org.jkiss.dbeaver.ext.oracle.OracleDataSourceProvider.openDataSource(OracleDataSourceProvider.java:147)
	at org.jkiss.dbeaver.registry.DataSourceDescriptor.openDataSource(DataSourceDescriptor.java:1154)
	at org.jkiss.dbeaver.registry.DataSourceDescriptor.connect(DataSourceDescriptor.java:1025)
	at org.jkiss.dbeaver.runtime.jobs.ConnectJob.run(ConnectJob.java:70)
	at org.jkiss.dbeaver.runtime.jobs.ConnectJob.runSync(ConnectJob.java:98)
	at org.jkiss.dbeaver.ui.actions.datasource.DataSourceHandler.connectToDataSource(DataSourceHandler.java:110)
	at org.jkiss.dbeaver.ui.actions.datasource.UIServiceConnectionsImpl.initConnection(UIServiceConnectionsImpl.java:87)
	at org.jkiss.dbeaver.model.navigator.DBNDataSource.initializeNode(DBNDataSource.java:158)
	at org.jkiss.dbeaver.model.navigator.DBNDatabaseNode.getChildren(DBNDatabaseNode.java:225)
	at org.jkiss.dbeaver.model.navigator.DBNDatabaseNode.getChildren(DBNDatabaseNode.java:1)
	at org.jkiss.dbeaver.model.navigator.DBNUtils.getNodeChildrenFiltered(DBNUtils.java:77)
	at org.jkiss.dbeaver.ui.navigator.database.load.TreeLoadService.evaluate(TreeLoadService.java:49)
	at org.jkiss.dbeaver.ui.navigator.database.load.TreeLoadService.evaluate(TreeLoadService.java:1)
	at org.jkiss.dbeaver.ui.LoadingJob.run(LoadingJob.java:88)
	at org.jkiss.dbeaver.ui.LoadingJob.run(LoadingJob.java:72)
	at org.jkiss.dbeaver.model.runtime.AbstractJob.run(AbstractJob.java:105)
	at org.eclipse.core.internal.jobs.Worker.run(Worker.java:63)
Caused by: java.sql.SQLRecoverableException: Listener refused the connection with the following error:
ORA-12514, TNS:listener does not currently know of service requested in connect descriptor
 
	at oracle.jdbc.driver.T4CConnection.logon(T4CConnection.java:774)
	at oracle.jdbc.driver.PhysicalConnection.connect(PhysicalConnection.java:688)
	at oracle.jdbc.driver.T4CDriverExtension.getConnection(T4CDriverExtension.java:39)
	at oracle.jdbc.driver.OracleDriver.connect(OracleDriver.java:691)
	at org.jkiss.dbeaver.model.impl.jdbc.JDBCDataSource.lambda$0(JDBCDataSource.java:206)
	at org.jkiss.dbeaver.model.impl.jdbc.JDBCDataSource.lambda$1(JDBCDataSource.java:225)
	at org.jkiss.dbeaver.utils.SecurityManagerUtils.wrapDriverActions(SecurityManagerUtils.java:96)
	at org.jkiss.dbeaver.model.impl.jdbc.JDBCDataSource.openConnection(JDBCDataSource.java:223)
	... 25 more
Caused by: oracle.net.ns.NetException: Listener refused the connection with the following error:
ORA-12514, TNS:listener does not currently know of service requested in connect descriptor
 
	at oracle.net.ns.NSProtocolNIO.negotiateConnection(NSProtocolNIO.java:271)
	at oracle.net.ns.NSProtocol.connect(NSProtocol.java:317)
	at oracle.jdbc.driver.T4CConnection.connect(T4CConnection.java:1438)
	at oracle.jdbc.driver.T4CConnection.logon(T4CConnection.java:518)
	... 32 more
2022-12-20 18:26:22.318 - Listener refused the connection with the following error:
ORA-12514, TNS:listener does not currently know of service requested in connect descriptor
 
oracle.net.ns.NetException: Listener refused the connection with the following error:
ORA-12514, TNS:listener does not currently know of service requested in connect descriptor
 
	at oracle.net.ns.NSProtocolNIO.negotiateConnection(NSProtocolNIO.java:271)
	at oracle.net.ns.NSProtocol.connect(NSProtocol.java:317)
	at oracle.jdbc.driver.T4CConnection.connect(T4CConnection.java:1438)
	at oracle.jdbc.driver.T4CConnection.logon(T4CConnection.java:518)
	at oracle.jdbc.driver.PhysicalConnection.connect(PhysicalConnection.java:688)
	at oracle.jdbc.driver.T4CDriverExtension.getConnection(T4CDriverExtension.java:39)
	at oracle.jdbc.driver.OracleDriver.connect(OracleDriver.java:691)
	at org.jkiss.dbeaver.model.impl.jdbc.JDBCDataSource.lambda$0(JDBCDataSource.java:206)
	at org.jkiss.dbeaver.model.impl.jdbc.JDBCDataSource.lambda$1(JDBCDataSource.java:225)
	at org.jkiss.dbeaver.utils.SecurityManagerUtils.wrapDriverActions(SecurityManagerUtils.java:96)
	at org.jkiss.dbeaver.model.impl.jdbc.JDBCDataSource.openConnection(JDBCDataSource.java:223)
	at org.jkiss.dbeaver.ext.oracle.model.OracleDataSource.openConnection(OracleDataSource.java:172)
	at org.jkiss.dbeaver.model.impl.jdbc.JDBCExecutionContext.connect(JDBCExecutionContext.java:103)
	at org.jkiss.dbeaver.model.impl.jdbc.JDBCRemoteInstance.initializeMainContext(JDBCRemoteInstance.java:102)
	at org.jkiss.dbeaver.model.impl.jdbc.JDBCRemoteInstance.<init>(JDBCRemoteInstance.java:61)
	at org.jkiss.dbeaver.model.impl.jdbc.JDBCDataSource.initializeRemoteInstance(JDBCDataSource.java:128)
	at org.jkiss.dbeaver.model.impl.jdbc.JDBCDataSource.<init>(JDBCDataSource.java:106)
	at org.jkiss.dbeaver.model.impl.jdbc.JDBCDataSource.<init>(JDBCDataSource.java:97)
	at org.jkiss.dbeaver.ext.oracle.model.OracleDataSource.<init>(OracleDataSource.java:90)
	at org.jkiss.dbeaver.ext.oracle.OracleDataSourceProvider.openDataSource(OracleDataSourceProvider.java:147)
	at org.jkiss.dbeaver.registry.DataSourceDescriptor.openDataSource(DataSourceDescriptor.java:1154)
	at org.jkiss.dbeaver.registry.DataSourceDescriptor.connect(DataSourceDescriptor.java:1025)
	at org.jkiss.dbeaver.runtime.jobs.ConnectJob.run(ConnectJob.java:70)
	at org.jkiss.dbeaver.runtime.jobs.ConnectJob.runSync(ConnectJob.java:98)
	at org.jkiss.dbeaver.ui.actions.datasource.DataSourceHandler.connectToDataSource(DataSourceHandler.java:110)
	at org.jkiss.dbeaver.ui.actions.datasource.UIServiceConnectionsImpl.initConnection(UIServiceConnectionsImpl.java:87)
	at org.jkiss.dbeaver.model.navigator.DBNDataSource.initializeNode(DBNDataSource.java:158)
	at org.jkiss.dbeaver.model.navigator.DBNDatabaseNode.getChildren(DBNDatabaseNode.java:225)
	at org.jkiss.dbeaver.model.navigator.DBNDatabaseNode.getChildren(DBNDatabaseNode.java:1)
	at org.jkiss.dbeaver.model.navigator.DBNUtils.getNodeChildrenFiltered(DBNUtils.java:77)
	at org.jkiss.dbeaver.ui.navigator.database.load.TreeLoadService.evaluate(TreeLoadService.java:49)
	at org.jkiss.dbeaver.ui.navigator.database.load.TreeLoadService.evaluate(TreeLoadService.java:1)
	at org.jkiss.dbeaver.ui.LoadingJob.run(LoadingJob.java:88)
	at org.jkiss.dbeaver.ui.LoadingJob.run(LoadingJob.java:72)
	at org.jkiss.dbeaver.model.runtime.AbstractJob.run(AbstractJob.java:105)
	at org.eclipse.core.internal.jobs.Worker.run(Worker.java:63)
2022-12-20 18:26:38.277 - DBeaver is stopping
2022-12-20 18:26:38.277 - Stop RMI server
2022-12-20 18:26:38.277 - RMI controller has been stopped
2022-12-20 18:26:38.277 - DBeaver shutdown completed
