2023-05-03 16:22:05.319 - Create display
2023-05-03 16:22:05.394 - DBeaver 21.3.5.202202200327 is starting
2023-05-03 16:22:05.395 - OS: Windows 10 10.0 (amd64)
2023-05-03 16:22:05.395 - Java version: 11.0.12 by Eclipse Foundation (64bit)
2023-05-03 16:22:05.395 - Install path: 'C:\web_1900_HES\dbms\mysql\resource\dbeaver'
2023-05-03 16:22:05.395 - Instance path: 'file:/C:/web_1900_HES/dbms/mysql/workspace/'
2023-05-03 16:22:05.396 - Memory available 77Mb/1024Mb
> Start DBeaver UI Editors - Base [org.jkiss.dbeaver.ui.editors.base 1.0.76.202202200327]
2023-05-03 16:22:05.414 - Starting RMI server at 37052
2023-05-03 16:22:05.457 - Run workbench
> Start Eclipse e4 작업영역 SWT [org.eclipse.e4.ui.workbench.swt 0.16.300.v20211102-0939]
> Start Eclipse 응용 프로그램 서비스 [org.eclipse.e4.core.services 2.3.100.v20210910-0640]
> Start Eclipse 사용자 인터페이스 응용 프로그램 서비스 [org.eclipse.e4.ui.services 1.5.0.v20210115-1333]
> Start EMF XML/XMI 퍼시스턴스 [org.eclipse.emf.ecore.xmi 2.16.0.v20190528-0725]
> Start Eclipse CSS SWT 테마 지원 [org.eclipse.e4.ui.css.swt.theme 0.13.0.v20201026-1147]
> Start Eclipse e4 작업영역 기능 추가 [org.eclipse.e4.ui.workbench.addons.swt 1.4.400.v20211102-0453]
> Start Eclipse e4 작업영역 SWT 렌더러 [org.eclipse.e4.ui.workbench.renderers.swt 0.15.300.v20211102-1716]
> Start Eclipse 바인딩 지원 [org.eclipse.e4.ui.bindings 0.13.100.v20210722-1426]
> Start Eclipse 의존성 삽입 확장 [org.eclipse.e4.core.di.extensions 0.17.100.v20210910-0640]
> Start Eclipse CSS SWT 지원 [org.eclipse.e4.ui.css.swt 0.14.400.v20211026-1534]
> Start Java Native Access [com.sun.jna 5.8.0.v20210503-0343]
> Start DBeaver UI [org.jkiss.dbeaver.ui 5.1.91.202202200327]
2023-05-03 16:22:06.818 - Configure workbench window
> Start 도움말 시스템 코어 [org.eclipse.help 3.9.100.v20210721-0601]
2023-05-03 16:22:06.911 - Create actions
2023-05-03 16:22:06.916 - Disable Eclipse action set 'org.eclipse.ui.edit.text.actionSet.annotationNavigation'
2023-05-03 16:22:06.917 - Disable Eclipse action set 'org.eclipse.ui.WorkingSetActionSet'
2023-05-03 16:22:06.917 - Disable Eclipse action set 'org.eclipse.ui.actionSet.openFiles'
2023-05-03 16:22:07.235 - Initialize workbench window
2023-05-03 16:22:07.239 - Finish initialization
> Start 기본 문서 편집기 [org.eclipse.ui.editors 3.14.300.v20210913-0815]
> Start 텍스트 편집기 프레임워크 [org.eclipse.ui.workbench.texteditor 3.16.300.v20211119-1032]
> Start DBeaver UI Editors - Data [org.jkiss.dbeaver.ui.editors.data 1.0.76.202202200327]
> Start DBeaver SQL Model [org.jkiss.dbeaver.model.sql 1.0.66.202202200327]
Warning: NLS unused message: actions_navigator__objects in: org.jkiss.dbeaver.ui.editors.sql.internal.SQLEditorMessages
> Start DBeaver UI Editors - SQL [org.jkiss.dbeaver.ui.editors.sql 1.0.76.202202200327]
> Start 팀 지원 핵심 [org.eclipse.team.core 3.9.200.v20211013-1022]
> Start 핵심 비교 지원 [org.eclipse.compare.core 3.6.1000.v20201020-1107]
> Start Equinox Java 인증 및 권한 부여 서비스 (JAAS) [org.eclipse.equinox.security 1.3.800.v20211021-1418]
> Start 인터넷 연결 관리 사용자 인터페이스 [org.eclipse.ui.net 1.4.0.v20210426-0838]
> Start 인터넷 연결 관리 [org.eclipse.core.net 1.3.1100.v20210424-0724]
2023-05-03 16:22:08.487 - Loading user drivers configuration from 'C:\web_1900_HES\dbms\mysql\workspace\.metadata\.plugins\org.jkiss.dbeaver.core\drivers.xml'
2023-05-03 16:22:08.495 - Total database drivers: 98 (98)
> Start DBeaver Sample Database [org.jkiss.dbeaver.ext.sample.database 1.0.113.202202200327]
> Start DBeaver Tip of the day [org.jkiss.dbeaver.ext.ui.tipoftheday 1.0.82.202202200327]
> Start Draw2d [org.eclipse.draw2dl 3.12.100.20220207122412]
> Start GEF3 GEF (MVC) [org.eclipse.gef3 3.12.100.20220207122412]
> Start DBeaver ERD UI [org.jkiss.dbeaver.erd.ui 3.0.36.202202200327]
> Start DBeaver ERD Model [org.jkiss.dbeaver.erd.model 1.0.36.202202200327]
> Start 콘솔 [org.eclipse.ui.console 3.11.100.v20210721-1355]
> Start 디버그 핵심 [org.eclipse.debug.core 3.18.300.v20211117-1829]
2023-05-03 16:22:09.135 - Connect with 'localhost' (mysql8-187a49f448f-50b5b75067372228)
> Start DBeaver MySQL Support [org.jkiss.dbeaver.ext.mysql 2.1.161.202202200327]
2023-05-03 16:22:09.166 - Execution context opened (localhost; Main; 0)
> Start DBeaver GIS Support [org.jkiss.dbeaver.data.gis 1.0.100.202202200327]
2023-05-03 16:22:09.373 - Execution context opened (localhost; Metadata; 1)
2023-05-03 16:22:09.445 - Connected (mysql8-187a49f448f-50b5b75067372228, MySQL Connector/J [mysql-connector-j-8.0.31 (Revision: 0c86fc148d567b62266c2302bdad0f1e7a7e4eba)])
2023-05-03 16:22:09.614 - Execution context opened (localhost; SQLEditor <noticeBoard.sql>; 2)
2023-05-03 16:22:11.353 - Open [https://dbeaver.io/product/version.xml]
2023-05-03 16:22:21.219 - Execution context opened (localhost; SQLEditor <tbl_user.sql>; 3)
2023-05-03 17:57:46.482 - SQL Error [1701] [42000]: Cannot truncate a table referenced in a foreign key constraint (`travelers`.`question_board_comment`, CONSTRAINT `fk_question_board_comment_board`)
org.jkiss.dbeaver.model.sql.DBSQLException: SQL Error [1701] [42000]: Cannot truncate a table referenced in a foreign key constraint (`travelers`.`question_board_comment`, CONSTRAINT `fk_question_board_comment_board`)
	at org.jkiss.dbeaver.model.impl.jdbc.exec.JDBCStatementImpl.executeStatement(JDBCStatementImpl.java:133)
	at org.jkiss.dbeaver.ui.editors.sql.execute.SQLQueryJob.executeStatement(SQLQueryJob.java:513)
	at org.jkiss.dbeaver.ui.editors.sql.execute.SQLQueryJob.lambda$0(SQLQueryJob.java:444)
	at org.jkiss.dbeaver.model.exec.DBExecUtils.tryExecuteRecover(DBExecUtils.java:171)
	at org.jkiss.dbeaver.ui.editors.sql.execute.SQLQueryJob.executeSingleQuery(SQLQueryJob.java:431)
	at org.jkiss.dbeaver.ui.editors.sql.execute.SQLQueryJob.extractData(SQLQueryJob.java:816)
	at org.jkiss.dbeaver.ui.editors.sql.SQLEditor$QueryResultsContainer.readData(SQLEditor.java:3501)
	at org.jkiss.dbeaver.ui.controls.resultset.ResultSetJobDataRead.lambda$0(ResultSetJobDataRead.java:118)
	at org.jkiss.dbeaver.model.exec.DBExecUtils.tryExecuteRecover(DBExecUtils.java:171)
	at org.jkiss.dbeaver.ui.controls.resultset.ResultSetJobDataRead.run(ResultSetJobDataRead.java:116)
	at org.jkiss.dbeaver.ui.controls.resultset.ResultSetViewer$ResultSetDataPumpJob.run(ResultSetViewer.java:4821)
	at org.jkiss.dbeaver.model.runtime.AbstractJob.run(AbstractJob.java:105)
	at org.eclipse.core.internal.jobs.Worker.run(Worker.java:63)
Caused by: java.sql.SQLSyntaxErrorException: Cannot truncate a table referenced in a foreign key constraint (`travelers`.`question_board_comment`, CONSTRAINT `fk_question_board_comment_board`)
	at com.mysql.cj.jdbc.exceptions.SQLError.createSQLException(SQLError.java:120)
	at com.mysql.cj.jdbc.exceptions.SQLExceptionsMapping.translateException(SQLExceptionsMapping.java:122)
	at com.mysql.cj.jdbc.StatementImpl.executeInternal(StatementImpl.java:763)
	at com.mysql.cj.jdbc.StatementImpl.execute(StatementImpl.java:648)
	at org.jkiss.dbeaver.model.impl.jdbc.exec.JDBCStatementImpl.execute(JDBCStatementImpl.java:330)
	at org.jkiss.dbeaver.model.impl.jdbc.exec.JDBCStatementImpl.executeStatement(JDBCStatementImpl.java:130)
	... 12 more
2023-05-03 18:45:08.130 - Execution context opened (localhost; SQLEditor <noticeComment.sql>; 4)
2023-05-03 19:00:56.921 - System suspend detected! Reinitialize all remote connections.
2023-05-03 19:04:55.460 - Execution context opened (localhost; SQLEditor <travelers.sql>; 5)
2023-05-03 19:10:22.514 - SQL Error [1366] [HY000]: Incorrect integer value: '' for column 'profil_image_size' at row 1
org.jkiss.dbeaver.model.sql.DBSQLException: SQL Error [1366] [HY000]: Incorrect integer value: '' for column 'profil_image_size' at row 1
	at org.jkiss.dbeaver.model.impl.jdbc.exec.JDBCStatementImpl.executeStatement(JDBCStatementImpl.java:133)
	at org.jkiss.dbeaver.ui.editors.sql.execute.SQLQueryJob.executeStatement(SQLQueryJob.java:513)
	at org.jkiss.dbeaver.ui.editors.sql.execute.SQLQueryJob.lambda$0(SQLQueryJob.java:444)
	at org.jkiss.dbeaver.model.exec.DBExecUtils.tryExecuteRecover(DBExecUtils.java:171)
	at org.jkiss.dbeaver.ui.editors.sql.execute.SQLQueryJob.executeSingleQuery(SQLQueryJob.java:431)
	at org.jkiss.dbeaver.ui.editors.sql.execute.SQLQueryJob.extractData(SQLQueryJob.java:816)
	at org.jkiss.dbeaver.ui.editors.sql.SQLEditor$QueryResultsContainer.readData(SQLEditor.java:3501)
	at org.jkiss.dbeaver.ui.controls.resultset.ResultSetJobDataRead.lambda$0(ResultSetJobDataRead.java:118)
	at org.jkiss.dbeaver.model.exec.DBExecUtils.tryExecuteRecover(DBExecUtils.java:171)
	at org.jkiss.dbeaver.ui.controls.resultset.ResultSetJobDataRead.run(ResultSetJobDataRead.java:116)
	at org.jkiss.dbeaver.ui.controls.resultset.ResultSetViewer$ResultSetDataPumpJob.run(ResultSetViewer.java:4821)
	at org.jkiss.dbeaver.model.runtime.AbstractJob.run(AbstractJob.java:105)
	at org.eclipse.core.internal.jobs.Worker.run(Worker.java:63)
Caused by: java.sql.SQLException: Incorrect integer value: '' for column 'profil_image_size' at row 1
	at com.mysql.cj.jdbc.exceptions.SQLError.createSQLException(SQLError.java:129)
	at com.mysql.cj.jdbc.exceptions.SQLExceptionsMapping.translateException(SQLExceptionsMapping.java:122)
	at com.mysql.cj.jdbc.StatementImpl.executeInternal(StatementImpl.java:763)
	at com.mysql.cj.jdbc.StatementImpl.execute(StatementImpl.java:648)
	at org.jkiss.dbeaver.model.impl.jdbc.exec.JDBCStatementImpl.execute(JDBCStatementImpl.java:330)
	at org.jkiss.dbeaver.model.impl.jdbc.exec.JDBCStatementImpl.executeStatement(JDBCStatementImpl.java:130)
	... 12 more
2023-05-03 20:06:03.065 - Execution context opened (localhost; SQLEditor <BoardImage.sql>; 6)
2023-05-03 20:06:21.003 - Execution context opened (localhost; SQLEditor <questionBoard.sql>; 7)
2023-05-03 20:06:44.030 - Execution context opened (localhost; SQLEditor <tripBoard.sql>; 8)
2023-05-03 20:12:03.514 - SQL Error [1701] [42000]: Cannot truncate a table referenced in a foreign key constraint (`travelers`.`trip_board_comment`, CONSTRAINT `fk_trip_board_comment_board`)
org.jkiss.dbeaver.model.sql.DBSQLException: SQL Error [1701] [42000]: Cannot truncate a table referenced in a foreign key constraint (`travelers`.`trip_board_comment`, CONSTRAINT `fk_trip_board_comment_board`)
	at org.jkiss.dbeaver.model.impl.jdbc.exec.JDBCStatementImpl.executeStatement(JDBCStatementImpl.java:133)
	at org.jkiss.dbeaver.ui.editors.sql.execute.SQLQueryJob.executeStatement(SQLQueryJob.java:513)
	at org.jkiss.dbeaver.ui.editors.sql.execute.SQLQueryJob.lambda$0(SQLQueryJob.java:444)
	at org.jkiss.dbeaver.model.exec.DBExecUtils.tryExecuteRecover(DBExecUtils.java:171)
	at org.jkiss.dbeaver.ui.editors.sql.execute.SQLQueryJob.executeSingleQuery(SQLQueryJob.java:431)
	at org.jkiss.dbeaver.ui.editors.sql.execute.SQLQueryJob.extractData(SQLQueryJob.java:816)
	at org.jkiss.dbeaver.ui.editors.sql.SQLEditor$QueryResultsContainer.readData(SQLEditor.java:3501)
	at org.jkiss.dbeaver.ui.controls.resultset.ResultSetJobDataRead.lambda$0(ResultSetJobDataRead.java:118)
	at org.jkiss.dbeaver.model.exec.DBExecUtils.tryExecuteRecover(DBExecUtils.java:171)
	at org.jkiss.dbeaver.ui.controls.resultset.ResultSetJobDataRead.run(ResultSetJobDataRead.java:116)
	at org.jkiss.dbeaver.ui.controls.resultset.ResultSetViewer$ResultSetDataPumpJob.run(ResultSetViewer.java:4821)
	at org.jkiss.dbeaver.model.runtime.AbstractJob.run(AbstractJob.java:105)
	at org.eclipse.core.internal.jobs.Worker.run(Worker.java:63)
Caused by: java.sql.SQLSyntaxErrorException: Cannot truncate a table referenced in a foreign key constraint (`travelers`.`trip_board_comment`, CONSTRAINT `fk_trip_board_comment_board`)
	at com.mysql.cj.jdbc.exceptions.SQLError.createSQLException(SQLError.java:120)
	at com.mysql.cj.jdbc.exceptions.SQLExceptionsMapping.translateException(SQLExceptionsMapping.java:122)
	at com.mysql.cj.jdbc.StatementImpl.executeInternal(StatementImpl.java:763)
	at com.mysql.cj.jdbc.StatementImpl.execute(StatementImpl.java:648)
	at org.jkiss.dbeaver.model.impl.jdbc.exec.JDBCStatementImpl.execute(JDBCStatementImpl.java:330)
	at org.jkiss.dbeaver.model.impl.jdbc.exec.JDBCStatementImpl.executeStatement(JDBCStatementImpl.java:130)
	... 12 more
2023-05-03 20:12:51.369 - Data truncation: Data too long for column 'content' at row 1
com.mysql.cj.jdbc.exceptions.MysqlDataTruncation: Data truncation: Data too long for column 'content' at row 1
	at com.mysql.cj.jdbc.exceptions.SQLExceptionsMapping.translateException(SQLExceptionsMapping.java:104)
	at com.mysql.cj.jdbc.ClientPreparedStatement.executeInternal(ClientPreparedStatement.java:916)
	at com.mysql.cj.jdbc.ClientPreparedStatement.execute(ClientPreparedStatement.java:354)
	at org.jkiss.dbeaver.model.impl.jdbc.exec.JDBCPreparedStatementImpl.execute(JDBCPreparedStatementImpl.java:261)
	at org.jkiss.dbeaver.model.impl.jdbc.exec.JDBCPreparedStatementImpl.executeStatement(JDBCPreparedStatementImpl.java:205)
	at org.jkiss.dbeaver.model.impl.data.ExecuteBatchImpl.executeStatement(ExecuteBatchImpl.java:310)
	at org.jkiss.dbeaver.model.impl.data.ExecuteBatchImpl.processBatch(ExecuteBatchImpl.java:178)
	at org.jkiss.dbeaver.model.impl.data.ExecuteBatchImpl.execute(ExecuteBatchImpl.java:81)
	at org.jkiss.dbeaver.ui.controls.resultset.ResultSetPersister$DataUpdaterJob.executeStatements(ResultSetPersister.java:813)
	at org.jkiss.dbeaver.ui.controls.resultset.ResultSetPersister$DataUpdaterJob.lambda$2(ResultSetPersister.java:698)
	at org.jkiss.dbeaver.model.exec.DBExecUtils.tryExecuteRecover(DBExecUtils.java:171)
	at org.jkiss.dbeaver.ui.controls.resultset.ResultSetPersister$DataUpdaterJob.executeStatements(ResultSetPersister.java:697)
	at org.jkiss.dbeaver.ui.controls.resultset.ResultSetPersister$DataUpdaterJob.run(ResultSetPersister.java:635)
	at org.jkiss.dbeaver.model.runtime.AbstractJob.run(AbstractJob.java:105)
	at org.eclipse.core.internal.jobs.Worker.run(Worker.java:63)
2023-05-03 21:25:40.800 - Execution context closed (localhost, 5)
2023-05-03 21:25:40.832 - Execution context closed (localhost, 3)
2023-05-03 21:25:40.863 - Execution context closed (localhost, 2)
2023-05-03 21:25:40.878 - Execution context closed (localhost, 7)
2023-05-03 21:25:40.894 - Execution context closed (localhost, 6)
2023-05-03 21:25:40.925 - Execution context closed (localhost, 4)
2023-05-03 21:25:40.957 - Execution context closed (localhost, 8)
2023-05-03 21:25:41.163 - DBeaver is stopping
2023-05-03 21:25:41.163 - Stop RMI server
2023-05-03 21:25:41.163 - RMI controller has been stopped
2023-05-03 21:25:41.171 - DBeaver shutdown completed
