2023-04-25 00:24:33.504 - DBeaver 22.3.0.202212070729 is starting
2023-04-25 00:24:33.504 - OS: Windows 11 10.0 (amd64)
2023-04-25 00:24:33.504 - Java version: 11.0.15 by Oracle Corporation (64bit)
2023-04-25 00:24:33.504 - Install path: 'C:\Users\82108\AppData\Local\DBeaver'
2023-04-25 00:24:33.504 - Instance path: 'file:/C:/DBMS_1900HES/workspace/DBMS_기초/'
2023-04-25 00:24:33.504 - Memory available 64Mb/1024Mb
2023-04-25 00:24:33.504 - Create display
2023-04-25 00:24:33.633 - Initializing DBeaver 22.3.0
2023-04-25 00:24:33.646 - Host plugin: org.jkiss.dbeaver.ui.app.standalone 22.3.0.202212070729
2023-04-25 00:24:33.646 - Initialize desktop platform...
2023-04-25 00:24:33.757 - BounceCastle bundle found. Use JCE provider BC
> Start Core File Systems [org.eclipse.core.filesystem 1.9.500.v20220817-1539]
> Start Core Resource Management [org.eclipse.core.resources 3.18.0.v20220828-0546]
> Start 팀 지원 핵심 [org.eclipse.team.core 3.9.500.v20220817-1539]
> Start DBeaver UI Navigator [org.jkiss.dbeaver.ui.navigator 1.0.95.202212070729]
2023-04-25 00:24:33.916 - Initialize base platform...
> Start Expression Language [org.eclipse.core.expressions 3.8.200.v20220613-1047]
2023-04-25 00:24:33.932 - Platform initialized (286ms)
> Start DBeaver UI Editors - Base [org.jkiss.dbeaver.ui.editors.base 1.0.95.202212070729]
2023-04-25 00:24:33.932 - Starting RMI server at 38764
2023-04-25 00:24:34.058 - Run workbench
> Start Eclipse e4 작업영역 SWT [org.eclipse.e4.ui.workbench.swt 0.16.600.v20220607-1204]
> Start Eclipse Application Services [org.eclipse.e4.core.services 2.3.300.v20220613-1047]
> Start Eclipse UI Application Services [org.eclipse.e4.ui.services 1.5.0.v20210115-1333]
> Start Eclipse e4 Progress View [org.eclipse.e4.ui.progress 0.3.500.v20220717-1456]
> Start EMF XML/XMI Persistence [org.eclipse.emf.ecore.xmi 2.17.0.v20220817-1334]
> Start Eclipse CSS SWT Theme Support [org.eclipse.e4.ui.css.swt.theme 0.13.100.v20220310-1056]
> Start Eclipse e4 작업영역 기능 추가 [org.eclipse.e4.ui.workbench.addons.swt 1.4.400.v20211102-0453]
Warning: NLS unused message: WorkbenchPreference_showMultipleEditorTabsButton in: org.eclipse.ui.internal.messages
Warning: NLS unused message: 이유 in: org.eclipse.ui.internal.messages
Warning: NLS unused message: Workbench_zoomChangedRestart in: org.eclipse.ui.internal.messages
> Start Eclipse e4 작업영역 SWT 렌더러 [org.eclipse.e4.ui.workbench.renderers.swt 0.15.600.v20220715-1400]
> Start Eclipse Bindings Support [org.eclipse.e4.ui.bindings 0.13.100.v20210722-1426]
> Start Eclipse Dependency Injection Extensions [org.eclipse.e4.core.di.extensions 0.17.200.v20220613-1008]
> Start Eclipse CSS SWT Support [org.eclipse.e4.ui.css.swt 0.14.600.v20220621-1327]
> Start DBeaver UI [org.jkiss.dbeaver.ui 5.1.110.202212070729]
> Start jna [com.sun.jna 5.8.0]
Warning: NLS unused message: BlockedJobsDialog_UserInterfaceTreeElement in: org.eclipse.ui.internal.progress.messages
2023-04-25 00:24:35.307 - Configure workbench window
> Start 도움말 시스템 코어 [org.eclipse.help 3.9.100.v20210721-0601]
2023-04-25 00:24:35.386 - Create actions
2023-04-25 00:24:35.386 - Disable Eclipse action set 'org.eclipse.ui.edit.text.actionSet.annotationNavigation'
2023-04-25 00:24:35.386 - Disable Eclipse action set 'org.eclipse.ui.WorkingSetActionSet'
2023-04-25 00:24:35.386 - Disable Eclipse action set 'org.eclipse.ui.actionSet.openFiles'
2023-04-25 00:24:35.670 - Initialize workbench window
2023-04-25 00:24:35.670 - Finish initialization
> Start 기본 문서 편집기 [org.eclipse.ui.editors 3.14.400.v20220730-1844]
> Start 텍스트 편집기 프레임워크 [org.eclipse.ui.workbench.texteditor 3.16.600.v20220809-1658]
> Start DBeaver UI Editors - Data [org.jkiss.dbeaver.ui.editors.data 1.0.95.202212070729]
> Start DBeaver SQL Model [org.jkiss.dbeaver.model.sql 1.0.85.202212070729]
Warning: NLS unused message: actions_navigator__objects in: org.jkiss.dbeaver.ui.editors.sql.internal.SQLEditorMessages
> Start DBeaver UI Editors - SQL [org.jkiss.dbeaver.ui.editors.sql 1.0.95.202212070729]
> Start 핵심 비교 지원 [org.eclipse.compare.core 3.7.100.v20220812-1406]
> Start Equinox Java Authentication and Authorization Service (JAAS) [org.eclipse.equinox.security 1.3.1000.v20220801-1135]
> Start 인터넷 연결 관리 사용자 인터페이스 [org.eclipse.ui.net 1.4.100.v20220812-1406]
> Start Internet Connection Management [org.eclipse.core.net 1.4.0.v20220813-1037]
> Start DBeaver Sample Database [org.jkiss.dbeaver.ext.sample.database 1.0.132.202212070729]
> Start DBeaver Tip of the day [org.jkiss.dbeaver.ext.ui.tipoftheday 1.0.101.202212070729]
> Start Draw2d [org.eclipse.draw2dl 3.12.100.20221014131737]
> Start GEF3 GEF (MVC) [org.eclipse.gef3 3.12.100.20221014131737]
> Start DBeaver ERD UI [org.jkiss.dbeaver.erd.ui 3.0.55.202212070729]
> Start DBeaver ERD Model [org.jkiss.dbeaver.erd.model 1.0.55.202212070729]
2023-04-25 00:24:37.102 - Total database drivers: 101 (101)
> Start DBeaver Oracle Support [org.jkiss.dbeaver.ext.oracle 2.1.180.202212070729]
> Start 콘솔 [org.eclipse.ui.console 3.11.300.v20220811-1921]
Warning: NLS unused message: InputStreamMonitor_label in: org.eclipse.debug.internal.core.DebugCoreMessages
Warning: NLS unused message: OutputStreamMonitor_label in: org.eclipse.debug.internal.core.DebugCoreMessages
> Start 디버그 핵심 [org.eclipse.debug.core 3.20.0.v20220811-0741]
Warning: NLS unused message: pref_page_database_resultsets_group_image in: org.jkiss.dbeaver.ui.editors.data.internal.DataEditorsResources
2023-04-25 00:24:37.663 - Connect with 'localhost' (oracle_thin-1852edc160a-5bfaa202e3712e6e)
2023-04-25 00:24:37.678 - Execution context opened (localhost; Main; 0)
2023-04-25 00:24:38.184 - Execution context opened (localhost; Metadata; 1)
2023-04-25 00:24:38.278 - Connected (oracle_thin-1852edc160a-5bfaa202e3712e6e, Oracle JDBC driver [12.2.0.1.0])
2023-04-25 00:24:38.278 - Execution context opened (localhost; SQLEditor <day15.sql>; 2)
2023-04-25 00:24:39.847 - Open [https://dbeaver.io/product/version.xml]
2023-04-25 00:24:53.701 - Execution context closed (localhost, 2)
2023-04-25 00:24:53.949 - DBeaver is stopping
2023-04-25 00:24:53.949 - Stop RMI server
2023-04-25 00:24:53.949 - RMI controller has been stopped
2023-04-25 00:24:53.949 - DBeaver shutdown completed
